{
  "timestamp": "2025-07-18T19:45:56.513522",
  "api": "directions",
  "usuario": "gcasarin",
  "tipo": "retorno",
  "dados": {
    "success": true,
    "waypoint_order": [
      13,
      3,
      2,
      16,
      10,
      1,
      7,
      14,
      9,
      8,
      12,
      11,
      19,
      17,
      5,
      6,
      15,
      21,
      0,
      18,
      20,
      22,
      4
    ],
    "total_distance": 75931,
    "total_duration": 11047,
    "legs_count": 24
  }
}
================================================================================
{
  "timestamp": "2025-07-18T19:58:52.965491",
  "api": "directions",
  "usuario": "gcasarin",
  "tipo": "retorno",
  "dados": {
    "success": true,
    "waypoint_order": [
      4,
      0,
      6,
      5,
      8,
      7,
      1,
      3,
      2
    ],
    "total_distance": 42884,
    "total_duration": 6813,
    "legs_count": 10
  }
}
================================================================================
